<?xml version="1.0" encoding="UTF-8"?>
<testng-results skipped="0" failed="1" ignored="0" total="3" passed="2">
  <reporter-output>
  </reporter-output>
  <suite name="Suite" duration-ms="4222" started-at="2020-10-08T18:40:24 IST" finished-at="2020-10-08T18:40:28 IST">
    <groups>
    </groups>
    <test name="Test" duration-ms="4222" started-at="2020-10-08T18:40:24 IST" finished-at="2020-10-08T18:40:28 IST">
      <class name="restapi_test.rest_api_test.RestApiTest">
        <test-method status="PASS" signature="Ass()[pri:0, instance:restapi_test.rest_api_test.RestApiTest@309e345f]" name="Ass" duration-ms="7" started-at="2020-10-08T18:40:24 IST" finished-at="2020-10-08T18:40:24 IST">
          <reporter-output>
          </reporter-output>
        </test-method> <!-- Ass -->
        <test-method status="PASS" signature="Restapitest()[pri:0, instance:restapi_test.rest_api_test.RestApiTest@309e345f]" name="Restapitest" duration-ms="2468" started-at="2020-10-08T18:40:24 IST" finished-at="2020-10-08T18:40:27 IST">
          <reporter-output>
          </reporter-output>
        </test-method> <!-- Restapitest -->
      </class> <!-- restapi_test.rest_api_test.RestApiTest -->
      <class name="restapi_test.rest_api_test.RestPostApiTest">
        <test-method status="FAIL" signature="RegistrationSuccessful()[pri:0, instance:restapi_test.rest_api_test.RestPostApiTest@56a6d5a6]" name="RegistrationSuccessful" duration-ms="1697" started-at="2020-10-08T18:40:27 IST" finished-at="2020-10-08T18:40:28 IST">
          <exception class="java.lang.AssertionError">
            <message>
              <![CDATA[expected [88] but found [Idaa]]]>
            </message>
            <full-stacktrace>
              <![CDATA[java.lang.AssertionError: expected [88] but found [Idaa]
at org.testng.Assert.fail(Assert.java:99)
at org.testng.Assert.failNotEquals(Assert.java:1037)
at org.testng.Assert.assertEqualsImpl(Assert.java:140)
at org.testng.Assert.assertEquals(Assert.java:122)
at org.testng.Assert.assertEquals(Assert.java:629)
at org.testng.Assert.assertEquals(Assert.java:639)
at restapi_test.rest_api_test.RestPostApiTest.RegistrationSuccessful(RestPostApiTest.java:70)
at sun.reflect.NativeMethodAccessorImpl.invoke0(Native Method)
at sun.reflect.NativeMethodAccessorImpl.invoke(NativeMethodAccessorImpl.java:62)
at sun.reflect.DelegatingMethodAccessorImpl.invoke(DelegatingMethodAccessorImpl.java:43)
at java.lang.reflect.Method.invoke(Method.java:498)
at org.testng.internal.MethodInvocationHelper.invokeMethod(MethodInvocationHelper.java:132)
at org.testng.internal.TestInvoker.invokeMethod(TestInvoker.java:599)
at org.testng.internal.TestInvoker.invokeTestMethod(TestInvoker.java:174)
at org.testng.internal.MethodRunner.runInSequence(MethodRunner.java:46)
at org.testng.internal.TestInvoker$MethodInvocationAgent.invoke(TestInvoker.java:822)
at org.testng.internal.TestInvoker.invokeTestMethods(TestInvoker.java:147)
at org.testng.internal.TestMethodWorker.invokeTestMethods(TestMethodWorker.java:146)
at org.testng.internal.TestMethodWorker.run(TestMethodWorker.java:128)
at java.util.ArrayList.forEach(ArrayList.java:1257)
at org.testng.TestRunner.privateRun(TestRunner.java:764)
at org.testng.TestRunner.run(TestRunner.java:585)
at org.testng.SuiteRunner.runTest(SuiteRunner.java:384)
at org.testng.SuiteRunner.runSequentially(SuiteRunner.java:378)
at org.testng.SuiteRunner.privateRun(SuiteRunner.java:337)
at org.testng.SuiteRunner.run(SuiteRunner.java:286)
at org.testng.SuiteRunnerWorker.runSuite(SuiteRunnerWorker.java:53)
at org.testng.SuiteRunnerWorker.run(SuiteRunnerWorker.java:96)
at org.testng.TestNG.runSuitesSequentially(TestNG.java:1218)
at org.testng.TestNG.runSuitesLocally(TestNG.java:1140)
at org.testng.TestNG.runSuites(TestNG.java:1069)
at org.testng.TestNG.run(TestNG.java:1037)
at org.apache.maven.surefire.testng.TestNGExecutor.run(TestNGExecutor.java:283)
at org.apache.maven.surefire.testng.TestNGXmlTestSuite.execute(TestNGXmlTestSuite.java:75)
at org.apache.maven.surefire.testng.TestNGProvider.invoke(TestNGProvider.java:120)
at org.apache.maven.surefire.booter.ForkedBooter.invokeProviderInSameClassLoader(ForkedBooter.java:386)
at org.apache.maven.surefire.booter.ForkedBooter.runSuitesInProcess(ForkedBooter.java:323)
at org.apache.maven.surefire.booter.ForkedBooter.main(ForkedBooter.java:143)
]]>
            </full-stacktrace>
          </exception> <!-- java.lang.AssertionError -->
          <reporter-output>
          </reporter-output>
        </test-method> <!-- RegistrationSuccessful -->
      </class> <!-- restapi_test.rest_api_test.RestPostApiTest -->
    </test> <!-- Test -->
  </suite> <!-- Suite -->
</testng-results>
